(result["yellow.csv"])[] = 8×2 DataFrame
│ Row │ payment_type │ total_amount_mean │
│     │ Int64        │ Float64           │
├─────┼──────────────┼───────────────────┤
│ 1   │ 1            │ 18.9157           │
│ 2   │ 2            │ 12.55             │
│ 3   │ 1            │ 7.92143           │
│ 4   │ 2            │ 4.3               │
│ 5   │ 1            │ 12.3              │
│ 6   │ 2            │ 11.175            │
│ 7   │ 1            │ 11.92             │
│ 8   │ 2            │ 32.99             │
(result["green.csv"])[] = 8×2 DataFrame
│ Row │ payment_type │ total_amount_mean │
│     │ Int64        │ Float64           │
├─────┼──────────────┼───────────────────┤
│ 1   │ 2            │ 9.05              │
│ 2   │ 1            │ 7.26              │
│ 3   │ 1            │ 14.122            │
│ 4   │ 2            │ 16.4875           │
│ 5   │ 1            │ 13.432            │
│ 6   │ 2            │ 17.3              │
│ 7   │ 2            │ 10.3              │
│ 8   │ 1            │ 15.3683           │
